Snapshot message: [[42532,2,0.000928],[42531,1,0.01],[42529,2,0.0022],[42528,1,0.0408732],[42527,1,0.0011],[42526,1,0.05],[42525,1,0.0011],[42524,3,0.33551726],[42523,3,0.17630175],[42522,4,0.28373531],[42521,5,2.35260575],[42520,2,0.2011],[42519,2,0.2661],[42517,2,0.0022],[42515,2,0.4499],[42514,2,0.0022],[42513,3,0.6304],[42512,5,1.2989],[42511,4,0.31974283],[42510,1,0.0011],[42509,3,0.1022],[42508,2,0.4814],[42507,1,0.04908179],[42506,2,0.334883],[42505,3,1.67546002],[42504,3,0.8691],[42503,1,0.0011],[42502,1,0.07764189],[42501,3,0.65693726],[42500,2,0.059855],[42498,2,0.41462],[42497,2,1.36918958],[42496,2,0.472],[42495,2,1.175834],[42494,5,3.30357859],[42493,3,0.67054891],[42490,3,3.88956928],[42489,2,0.24877337],[42488,2,0.2054],[42487,2,3.67347741],[42486,1,2.3056836],[42485,4,4.28812796],[42484,1,0.00020493],[42483,2,2.04158082],[42481,1,0.5304871],[42480,3,0.45461723],[42479,2,2.36381566],[42478,1,0.00301467],[42477,1,0.685],[42476,1,0.7949],[42475,1,1.4602],[42473,2,3.53457332],[42471,1,0.01],[42469,3,3.62968687],[42467,2,4.97546042],[42465,3,2.99948361],[42463,1,0.10343667],[42461,1,2.36290673],[42460,1,0.00829],[42458,2,2.55381566],[42457,1,0.1171],[42454,2,0.00236486],[42453,1,0.02593173],[42452,1,2.35990232],[42451,1,2.9536],[42450,1,0.091],[42449,2,2.50968761],[42448,2,2.40097268],[42447,4,0.4553],[42446,2,2.42428157],[42445,3,9.7367],[42444,2,2.99879955],[42443,1,0.0408732],[42441,1,0.01],[42440,1,2.36290673],[42438,1,2.4434],[42436,1,0.0002274],[42434,1,0.4],[42431,1,0.0775],[42430,1,1.3641],[42429,1,0.00074245],[42428,1,2.37380484],[42427,1,0.00045317],[42426,1,1.3612],[42425,2,2.78178362],[42419,2,1.85315632],[42418,1,0.6751654],[42417,1,0.0008888],[42411,2,0.01185276],[42408,1,0.0230303],[42404,1,0.00043],[42403,1,0.05],[42402,2,4.00048815],[42401,2,3.43935739],[42400,2,2.97960114],[42397,2,6.8227518],[42393,1,0.42],[42392,1,0.02596427],[42390,1,1.222],[42389,1,3.17313714],[42538,1,-0.178617],[42539,1,-0.95],[42541,1,-0.3],[42542,2,-0.1175039],[42543,1,-0.117502],[42544,2,-0.070503],[42545,1,-0.001],[42546,2,-0.370764],[42547,2,-0.308806],[42549,3,-0.39961291],[42550,1,-0.75],[42551,1,-0.176237],[42552,5,-0.976],[42554,3,-0.30874499],[42555,3,-0.318477],[42557,1,-0.00023816],[42559,2,-0.31226],[42560,4,-0.85027987],[42562,2,-1.77959467],[42563,2,-2.16809996],[42565,2,-0.623254],[42566,1,-0.244],[42568,4,-1.0923],[42569,2,-0.212707],[42570,3,-0.87032738],[42571,1,-0.06138],[42572,1,-0.587527],[42573,3,-0.28056918],[42574,1,-0.04909068],[42575,1,-0.28863502],[42576,2,-0.4702],[42577,4,-0.47678506],[42578,3,-0.880384],[42580,5,-1.44409566],[42581,1,-0.19999795],[42582,1,-0.58737256],[42583,1,-0.1],[42584,1,-1.17492268],[42585,3,-0.60359669],[42586,1,-0.07587],[42587,1,-1.174908],[42588,3,-0.61758],[42590,2,-0.20669182],[42591,1,-0.27],[42592,2,-0.51683704],[42593,3,-2.00134768],[42595,1,-1.174824],[42596,2,-0.12094],[42597,1,-0.02234],[42599,5,-0.40720829],[42603,2,-0.11046113],[42605,1,-0.01994843],[42606,1,-0.01895709],[42607,1,-0.01990271],[42609,2,-0.49105836],[42611,1,-0.07744625],[42612,1,-0.0775],[42613,1,-1],[42615,1,-2.5520814],[42616,2,-2.02866136],[42617,1,-0.03408958],[42620,2,-3.25595268],[42621,1,-0.6994],[42625,2,-0.4175],[42626,2,-0.83107277],[42628,1,-2.37186025],[42629,1,-2.35990232],[42630,1,-2.32666689],[42631,1,-2.31838081],[42632,1,-0.4],[42636,3,-2.10378538],[42637,2,-2.59081566],[42639,1,-0.01],[42642,2,-0.66458956],[42643,1,-0.001],[42644,1,-0.001],[42646,1,-0.04885498],[42649,1,-0.001],[42650,2,-0.21979974],[42651,2,-2.40786747],[42652,1,-1.4602],[42655,2,-0.00179308],[42656,1,-0.001],[42657,2,-0.686],[42658,2,-0.002],[42659,1,-0.001],[42660,1,-0.001],[42662,3,-3.28504531],[42663,2,-0.4172],[42664,2,-0.002],[42665,1,-0.001],[42666,3,-0.3976],[42667,1,-0.001],[42668,3,-0.003],[42669,1,-0.01],[42670,1,-0.001],[42671,2,-40.001],[42672,3,-33.002],[42673,1,-0.091],[42674,4,-0.004]]
Snapshot message: [[42548,2,0.52860153],[42547,1,0.12],[42546,1,0.00063789],[42542,2,0.28845403],[42540,3,0.34290332],[42539,2,0.30628731],[42538,2,0.00311805],[42536,1,0.2],[42535,1,0.05],[42533,1,0.2],[42532,1,0.000362],[42531,1,0.01],[42530,1,0.176183],[42529,2,0.0022],[42528,2,0.1977732],[42527,3,1.0355],[42526,3,0.7463104],[42525,2,0.07164565],[42524,2,0.0921],[42522,4,0.12604421],[42521,5,2.35260575],[42520,5,0.927],[42519,1,0.2372],[42518,1,0.02659605],[42517,2,0.0022],[42515,2,0.44807875],[42514,4,0.72435996],[42513,3,0.72168267],[42512,4,0.7109],[42511,3,0.20234283],[42510,3,0.64786426],[42509,2,0.0022],[42508,2,2.33349928],[42505,4,6.05329717],[42504,5,1.631853],[42503,1,0.0011],[42502,4,2.30755094],[42501,1,0.01],[42500,1,0.0011],[42499,2,0.20809],[42498,2,0.0422969],[42497,4,3.69237308],[42496,3,0.1986],[42495,2,0.0022],[42494,5,1.55448333],[42493,2,0.44446786],[42490,2,0.44367],[42489,2,0.05007337],[42488,2,2.35491566],[42487,4,6.05964009],[42485,4,5.24876996],[42484,3,4.7319675],[42483,4,0.05702164],[42481,1,0.5787132],[42480,2,2.36258352],[42479,1,0.01],[42478,1,0.00301467],[42477,2,0.71912],[42476,2,3.15780673],[42475,1,1.4602],[42474,1,0.00829],[42473,1,0.01962],[42472,1,0.02219],[42471,1,0.01],[42470,2,2.81782728],[42469,3,2.6543608],[42467,1,2.35381566],[42466,2,3.14485268],[42465,1,0.04891016],[42464,1,0.4061],[42463,2,4.73176257],[42461,3,0.04908],[42459,1,2.36178362],[42458,1,0.6269393],[42457,1,0.1171],[42455,1,2.36290673],[42454,2,0.00236486],[42453,1,0.02593173],[42451,1,2.9536],[42450,1,0.091],[42449,1,0.1408],[42448,1,2.37380484],[42447,1,0.4],[42446,2,0.13999795],[42445,2,8.961],[42443,1,0.0408732],[42441,1,0.01],[42438,1,2.4434],[42436,1,0.0002274],[42430,3,2.04000785],[42429,1,0.21885315],[42427,1,0.00045317],[42426,1,1.3612],[42425,1,0.42],[42421,1,0.0119],[42419,2,1.85315632],[42418,1,0.00043],[42417,1,0.0008888],[42411,2,0.01185276],[42408,1,0.0230303],[42549,1,-0.001],[42550,1,-0.75],[42554,1,-0.235211],[42557,1,-0.00063773],[42558,1,-0.01174],[42559,1,-0.02272739],[42562,1,-0.1874],[42563,1,-0.3],[42565,1,-0.1926],[42566,1,-0.244],[42567,2,-0.4645],[42568,3,-0.66497863],[42569,3,-0.28144579],[42570,1,-0.11744441],[42571,1,-0.234916],[42573,2,-0.2766],[42576,3,-0.50432506],[42577,5,-1.494227],[42579,3,-0.45005866],[42580,2,-2.44446032],[42581,2,-0.4754093],[42582,1,-0.2499],[42584,3,-0.77589796],[42586,3,-0.94969762],[42588,2,-0.59907012],[42590,2,-0.25764327],[42591,2,-0.13149994],[42592,3,-1.05067617],[42593,3,-2.15562416],[42594,3,-1.57143872],[42595,1,-0.27],[42597,2,-0.29999795],[42598,2,-0.2164393],[42599,2,-1.265567],[42600,3,-0.13351163],[42601,1,-0.587262],[42602,1,-0.43289694],[42603,1,-0.01046113],[42604,3,-0.42181558],[42605,1,-0.8866],[42606,3,-0.26497092],[42607,2,-0.19897301],[42608,3,-1.29604022],[42609,2,-1.18453],[42610,2,-0.43672727],[42611,3,-0.24739468],[42615,1,-0.01895709],[42616,1,-0.1],[42617,2,-0.04329787],[42618,1,-0.4809966],[42620,2,-0.20561446],[42621,2,-2.78872213],[42622,1,-1.97969948],[42625,2,-0.02842],[42626,2,-0.21987],[42627,1,-1.4602],[42628,3,-0.13312553],[42631,2,-0.43892727],[42632,2,-1.3842],[42633,1,-20],[42634,2,-0.78107277],[42636,2,-2.46286025],[42637,2,-0.31980271],[42638,1,-2.36935268],[42639,1,-0.01],[42641,2,-0.41832727],[42642,2,-0.08535576],[42643,2,-2.35481566],[42644,2,-2.32766689],[42645,1,-1.76288538],[42646,1,-0.04885498],[42648,1,-0.4],[42649,1,-0.001],[42650,3,-0.58210655],[42651,2,-0.0567899],[42655,2,-0.00179308],[42656,1,-0.001],[42657,1,-0.001],[42658,3,-2.9556],[42659,2,-2.36090232],[42660,1,-0.001],[42661,1,-0.02272727],[42662,2,-2.65729568],[42663,1,-0.001],[42664,3,-0.6982],[42665,2,-2.37480484],[42666,2,-0.002],[42667,1,-0.001],[42668,3,-0.003],[42669,1,-0.01],[42670,1,-0.001],[42671,3,-24.62874963],[42672,3,-0.02472727],[42673,1,-0.091],[42674,4,-0.004],[42675,2,-0.002],[42676,3,-0.003],[42677,2,-1.3651],[42678,3,-0.003],[42679,5,-0.005]]
[2022-03-23T13:36:17-03:00] Deleting : {"priceLevel":42542,"count":0,"amount":1}
[2022-03-23T13:36:17-03:00] Deleting : {"priceLevel":42540,"count":0,"amount":1}
[2022-03-23T13:36:17-03:00] Deleting : {"priceLevel":42533,"count":0,"amount":1}
[2022-03-23T13:36:17-03:00] Deleting : {"priceLevel":42530,"count":0,"amount":1}
[2022-03-23T13:36:17-03:00] Deleting : {"priceLevel":42470,"count":0,"amount":1}
[2022-03-23T13:36:17-03:00] Deleting : {"priceLevel":42467,"count":0,"amount":1}
[2022-03-23T13:36:17-03:00] Deleting : {"priceLevel":42466,"count":0,"amount":1}
[2022-03-23T13:36:17-03:00] Deleting : {"priceLevel":42464,"count":0,"amount":1}
[2022-03-23T13:36:17-03:00] Deleting : {"priceLevel":42459,"count":0,"amount":1}
[2022-03-23T13:36:17-03:00] Deleting : {"priceLevel":42458,"count":0,"amount":1}
[2022-03-23T13:36:17-03:00] Deleting : {"priceLevel":42455,"count":0,"amount":1}
[2022-03-23T13:36:17-03:00] Deleting : {"priceLevel":42448,"count":0,"amount":1}
[2022-03-23T13:36:17-03:00] Deleting : {"priceLevel":42429,"count":0,"amount":1}
[2022-03-23T13:36:17-03:00] Deleting : {"priceLevel":42421,"count":0,"amount":1}
[2022-03-23T13:36:17-03:00] Deleting : {"priceLevel":42549,"count":0,"amount":-1}
[2022-03-23T13:36:17-03:00] Deleting : {"priceLevel":42550,"count":0,"amount":-1}
[2022-03-23T13:36:17-03:00] Deleting : {"priceLevel":42554,"count":0,"amount":-1}
[2022-03-23T13:36:17-03:00] Deleting : {"priceLevel":42558,"count":0,"amount":-1}
[2022-03-23T13:36:17-03:00] Deleting : {"priceLevel":42562,"count":0,"amount":-1}
[2022-03-23T13:36:17-03:00] Deleting : {"priceLevel":42563,"count":0,"amount":-1}
[2022-03-23T13:36:17-03:00] Deleting : {"priceLevel":42565,"count":0,"amount":-1}
[2022-03-23T13:36:17-03:00] Deleting : {"priceLevel":42566,"count":0,"amount":-1}
[2022-03-23T13:36:17-03:00] Deleting : {"priceLevel":42567,"count":0,"amount":-1}
[2022-03-23T13:36:17-03:00] Deleting : {"priceLevel":42568,"count":0,"amount":-1}
[2022-03-23T13:36:17-03:00] Deleting : {"priceLevel":42570,"count":0,"amount":-1}
[2022-03-23T13:36:17-03:00] Deleting : {"priceLevel":42571,"count":0,"amount":-1}
[2022-03-23T13:36:17-03:00] Deleting : {"priceLevel":42577,"count":0,"amount":-1}
[2022-03-23T13:36:17-03:00] Deleting : {"priceLevel":42581,"count":0,"amount":-1}
[2022-03-23T13:36:17-03:00] Deleting : {"priceLevel":42582,"count":0,"amount":-1}
[2022-03-23T13:36:17-03:00] Deleting : {"priceLevel":42591,"count":0,"amount":-1}
[2022-03-23T13:36:17-03:00] Deleting : {"priceLevel":42602,"count":0,"amount":-1}
[2022-03-23T13:36:17-03:00] Deleting : {"priceLevel":42604,"count":0,"amount":-1}
[2022-03-23T13:36:17-03:00] Deleting : {"priceLevel":42608,"count":0,"amount":-1}
[2022-03-23T13:36:17-03:00] Deleting : {"priceLevel":42616,"count":0,"amount":-1}
[2022-03-23T13:36:17-03:00] Deleting : {"priceLevel":42618,"count":0,"amount":-1}
[2022-03-23T13:36:17-03:00] Deleting : {"priceLevel":42622,"count":0,"amount":-1}
[2022-03-23T13:36:17-03:00] Deleting : {"priceLevel":42625,"count":0,"amount":-1}
[2022-03-23T13:36:17-03:00] Deleting : {"priceLevel":42626,"count":0,"amount":-1}
[2022-03-23T13:36:17-03:00] Deleting : {"priceLevel":42628,"count":0,"amount":-1}
[2022-03-23T13:36:17-03:00] Deleting : {"priceLevel":42634,"count":0,"amount":-1}
[2022-03-23T13:36:17-03:00] Deleting : {"priceLevel":42648,"count":0,"amount":-1}
[2022-03-23T13:36:17-03:00] bids: {"priceLevel":42552,"count":7,"amount":1.38277824}
[2022-03-23T13:36:17-03:00] bids: {"priceLevel":42551,"count":1,"amount":0.11739}
[2022-03-23T13:36:17-03:00] bids: {"priceLevel":42550,"count":1,"amount":0.2}
[2022-03-23T13:36:17-03:00] bids: {"priceLevel":42549,"count":4,"amount":0.55169456}
[2022-03-23T13:36:17-03:00] bids: {"priceLevel":42548,"count":1,"amount":0.2305172}
[2022-03-23T13:36:17-03:00] bids: {"priceLevel":42547,"count":2,"amount":0.1206394}
[2022-03-23T13:36:17-03:00] bids: {"priceLevel":42546,"count":1,"amount":0.17612}
[2022-03-23T13:36:17-03:00] bids: {"priceLevel":42544,"count":2,"amount":0.80075977}
[2022-03-23T13:36:17-03:00] bids: {"priceLevel":42543,"count":1,"amount":0.2499104}
[2022-03-23T13:36:17-03:00] bids: {"priceLevel":42541,"count":2,"amount":0.484705}
[2022-03-23T13:36:17-03:00] bids: {"priceLevel":42539,"count":2,"amount":0.37352622}
[2022-03-23T13:36:17-03:00] bids: {"priceLevel":42538,"count":3,"amount":0.15022417}
[2022-03-23T13:36:17-03:00] bids: {"priceLevel":42537,"count":1,"amount":2.56144746}
[2022-03-23T13:36:17-03:00] bids: {"priceLevel":42536,"count":3,"amount":0.6109693}
[2022-03-23T13:36:17-03:00] bids: {"priceLevel":42532,"count":2,"amount":0.32869263}
[2022-03-23T13:36:17-03:00] bids: {"priceLevel":42528,"count":4,"amount":0.67419123}
[2022-03-23T13:36:17-03:00] bids: {"priceLevel":42527,"count":5,"amount":1.69425073}
[2022-03-23T13:36:17-03:00] bids: {"priceLevel":42526,"count":1,"amount":0.2465}
[2022-03-23T13:36:17-03:00] bids: {"priceLevel":42525,"count":5,"amount":4.73789154}
[2022-03-23T13:36:17-03:00] bids: {"priceLevel":42522,"count":2,"amount":0.0022}
[2022-03-23T13:36:17-03:00] bids: {"priceLevel":42521,"count":7,"amount":2.99931301}
[2022-03-23T13:36:17-03:00] bids: {"priceLevel":42520,"count":6,"amount":0.94961}
[2022-03-23T13:36:17-03:00] bids: {"priceLevel":42519,"count":3,"amount":3.63908405}
[2022-03-23T13:36:17-03:00] bids: {"priceLevel":42518,"count":1,"amount":2.04037498}
[2022-03-23T13:36:17-03:00] bids: {"priceLevel":42516,"count":1,"amount":0.0222}
[2022-03-23T13:36:17-03:00] bids: {"priceLevel":42515,"count":4,"amount":2.82935235}
[2022-03-23T13:36:17-03:00] bids: {"priceLevel":42514,"count":3,"amount":0.04647}
[2022-03-23T13:36:17-03:00] bids: {"priceLevel":42513,"count":3,"amount":0.2792969}
[2022-03-23T13:36:17-03:00] bids: {"priceLevel":42512,"count":4,"amount":0.5492}
[2022-03-23T13:36:17-03:00] bids: {"priceLevel":42511,"count":2,"amount":0.0381864}
[2022-03-23T13:36:17-03:00] bids: {"priceLevel":42510,"count":3,"amount":0.5593971}
[2022-03-23T13:36:17-03:00] bids: {"priceLevel":42508,"count":2,"amount":0.62204}
[2022-03-23T13:36:17-03:00] bids: {"priceLevel":42506,"count":1,"amount":0.0011}
[2022-03-23T13:36:17-03:00] bids: {"priceLevel":42505,"count":3,"amount":1.44888131}
[2022-03-23T13:36:17-03:00] bids: {"priceLevel":42504,"count":5,"amount":4.798755}
[2022-03-23T13:36:17-03:00] bids: {"priceLevel":42503,"count":3,"amount":0.0033}
[2022-03-23T13:36:17-03:00] bids: {"priceLevel":42502,"count":5,"amount":0.18275189}
[2022-03-23T13:36:17-03:00] bids: {"priceLevel":42501,"count":2,"amount":1.184025}
[2022-03-23T13:36:17-03:00] bids: {"priceLevel":42500,"count":3,"amount":2.37855566}
[2022-03-23T13:36:17-03:00] bids: {"priceLevel":42499,"count":1,"amount":0.00829}
[2022-03-23T13:36:17-03:00] bids: {"priceLevel":42498,"count":2,"amount":2.36288362}
[2022-03-23T13:36:17-03:00] bids: {"priceLevel":42497,"count":2,"amount":3.24950673}
[2022-03-23T13:36:17-03:00] bids: {"priceLevel":42496,"count":1,"amount":0.0011}
[2022-03-23T13:36:17-03:00] bids: {"priceLevel":42494,"count":5,"amount":3.33912658}
[2022-03-23T13:36:17-03:00] bids: {"priceLevel":42493,"count":3,"amount":1.02318106}
[2022-03-23T13:36:17-03:00] bids: {"priceLevel":42489,"count":4,"amount":0.31835337}
[2022-03-23T13:36:17-03:00] bids: {"priceLevel":42488,"count":1,"amount":0.0011}
[2022-03-23T13:36:17-03:00] bids: {"priceLevel":42487,"count":3,"amount":3.69028741}
[2022-03-23T13:36:17-03:00] bids: {"priceLevel":42485,"count":3,"amount":4.07432496}
[2022-03-23T13:36:17-03:00] bids: {"priceLevel":42484,"count":1,"amount":0.00020493}
[2022-03-23T13:36:17-03:00] bids: {"priceLevel":42483,"count":6,"amount":4.78627664}
[2022-03-23T13:36:17-03:00] bids: {"priceLevel":42482,"count":1,"amount":0.4059}
[2022-03-23T13:36:17-03:00] bids: {"priceLevel":42481,"count":1,"amount":2.74684583}
[2022-03-23T13:36:17-03:00] bids: {"priceLevel":42480,"count":1,"amount":0.0007999}
[2022-03-23T13:36:17-03:00] bids: {"priceLevel":42478,"count":3,"amount":4.72571794}
[2022-03-23T13:36:17-03:00] bids: {"priceLevel":42477,"count":2,"amount":0.90381617}
[2022-03-23T13:36:17-03:00] bids: {"priceLevel":42476,"count":3,"amount":5.51959035}
[2022-03-23T13:36:17-03:00] bids: {"priceLevel":42474,"count":2,"amount":0.78359}
[2022-03-23T13:36:17-03:00] bids: {"priceLevel":42473,"count":2,"amount":2.39148025}
[2022-03-23T13:36:17-03:00] bids: {"priceLevel":42472,"count":1,"amount":0.6269393}
[2022-03-23T13:36:17-03:00] bids: {"priceLevel":42469,"count":1,"amount":0.08547319}
[2022-03-23T13:36:17-03:00] bids: {"priceLevel":42463,"count":1,"amount":0.4}
[2022-03-23T13:36:17-03:00] bids: {"priceLevel":42457,"count":2,"amount":2.49090484}
[2022-03-23T13:36:17-03:00] bids: {"priceLevel":42452,"count":1,"amount":0.0775}
[2022-03-23T13:36:17-03:00] bids: {"priceLevel":42447,"count":1,"amount":0.6751654}
[2022-03-23T13:36:17-03:00] bids: {"priceLevel":42446,"count":1,"amount":0.06249795}
[2022-03-23T13:36:17-03:00] bids: {"priceLevel":42430,"count":2,"amount":1.3759}
[2022-03-23T13:36:17-03:00] bids: {"priceLevel":42428,"count":1,"amount":0.00074245}
[2022-03-23T13:36:17-03:00] bids: {"priceLevel":42407,"count":1,"amount":0.09415769}
[2022-03-23T13:36:17-03:00] asks: {"priceLevel":42553,"count":1,"amount":0.00125288}
[2022-03-23T13:36:17-03:00] asks: {"priceLevel":42557,"count":1,"amount":0.00063926}
[2022-03-23T13:36:17-03:00] asks: {"priceLevel":42569,"count":1,"amount":0.02272727}
[2022-03-23T13:36:17-03:00] asks: {"priceLevel":42572,"count":2,"amount":0.31174}
[2022-03-23T13:36:17-03:00] asks: {"priceLevel":42573,"count":1,"amount":0.21242996}
[2022-03-23T13:36:17-03:00] asks: {"priceLevel":42575,"count":2,"amount":0.389}
[2022-03-23T13:36:17-03:00] asks: {"priceLevel":42576,"count":2,"amount":0.4702}
[2022-03-23T13:36:17-03:00] asks: {"priceLevel":42579,"count":1,"amount":0.02272727}
[2022-03-23T13:36:17-03:00] asks: {"priceLevel":42584,"count":3,"amount":0.6873}
[2022-03-23T13:36:17-03:00] asks: {"priceLevel":42585,"count":1,"amount":0.03023161}
[2022-03-23T13:36:17-03:00] asks: {"priceLevel":42586,"count":1,"amount":0.4464}
[2022-03-23T13:36:17-03:00] asks: {"priceLevel":42587,"count":1,"amount":0.2317}
[2022-03-23T13:36:17-03:00] asks: {"priceLevel":42588,"count":1,"amount":0.55}
[2022-03-23T13:36:17-03:00] asks: {"priceLevel":42590,"count":1,"amount":0.02272727}
[2022-03-23T13:36:17-03:00] asks: {"priceLevel":42592,"count":4,"amount":1.02509794}
[2022-03-23T13:36:17-03:00] asks: {"priceLevel":42593,"count":1,"amount":0.02701485}
[2022-03-23T13:36:17-03:00] asks: {"priceLevel":42594,"count":2,"amount":0.47219742}
[2022-03-23T13:36:17-03:00] asks: {"priceLevel":42595,"count":1,"amount":0.04906854}
[2022-03-23T13:36:17-03:00] asks: {"priceLevel":42596,"count":1,"amount":0.28859691}
[2022-03-23T13:36:17-03:00] asks: {"priceLevel":42597,"count":2,"amount":0.2969}
[2022-03-23T13:36:17-03:00] asks: {"priceLevel":42598,"count":1,"amount":0.1874793}
[2022-03-23T13:36:17-03:00] asks: {"priceLevel":42599,"count":2,"amount":0.42769639}
[2022-03-23T13:36:17-03:00] asks: {"priceLevel":42600,"count":3,"amount":0.49162727}
[2022-03-23T13:36:17-03:00] asks: {"priceLevel":42601,"count":2,"amount":0.621807}
[2022-03-23T13:36:17-03:00] asks: {"priceLevel":42606,"count":2,"amount":0.17124092}
[2022-03-23T13:36:17-03:00] asks: {"priceLevel":42607,"count":1,"amount":0.38479587}
[2022-03-23T13:36:17-03:00] asks: {"priceLevel":42609,"count":3,"amount":1.54584058}
[2022-03-23T13:36:17-03:00] asks: {"priceLevel":42610,"count":3,"amount":1.02472727}
[2022-03-23T13:36:17-03:00] asks: {"priceLevel":42611,"count":1,"amount":0.07744625}
[2022-03-23T13:36:17-03:00] asks: {"priceLevel":42613,"count":2,"amount":1.27419}
[2022-03-23T13:36:17-03:00] asks: {"priceLevel":42614,"count":2,"amount":0.4228299}
[2022-03-23T13:36:17-03:00] asks: {"priceLevel":42615,"count":3,"amount":1.60680227}
[2022-03-23T13:36:17-03:00] asks: {"priceLevel":42617,"count":3,"amount":0.31701412}
[2022-03-23T13:36:17-03:00] asks: {"priceLevel":42620,"count":4,"amount":0.45498087}
[2022-03-23T13:36:17-03:00] asks: {"priceLevel":42621,"count":2,"amount":0.337}
[2022-03-23T13:36:17-03:00] asks: {"priceLevel":42623,"count":2,"amount":2.34811756}
[2022-03-23T13:36:17-03:00] asks: {"priceLevel":42624,"count":3,"amount":0.62585952}
[2022-03-23T13:36:17-03:00] asks: {"priceLevel":42630,"count":1,"amount":0.0001}
[2022-03-23T13:36:17-03:00] asks: {"priceLevel":42631,"count":3,"amount":0.91992211}
[2022-03-23T13:36:17-03:00] asks: {"priceLevel":42632,"count":1,"amount":0.685}
[2022-03-23T13:36:17-03:00] asks: {"priceLevel":42633,"count":1,"amount":1.97969948}
[2022-03-23T13:36:17-03:00] asks: {"priceLevel":42635,"count":3,"amount":2.63777202}
[2022-03-23T13:36:17-03:00] asks: {"priceLevel":42636,"count":1,"amount":0.091}
[2022-03-23T13:36:17-03:00] asks: {"priceLevel":42637,"count":1,"amount":0.02453004}
[2022-03-23T13:36:17-03:00] asks: {"priceLevel":42638,"count":1,"amount":0.0035}
[2022-03-23T13:36:17-03:00] asks: {"priceLevel":42641,"count":3,"amount":0.43822998}
[2022-03-23T13:36:17-03:00] asks: {"priceLevel":42643,"count":1,"amount":0.001}
[2022-03-23T13:36:17-03:00] asks: {"priceLevel":42644,"count":2,"amount":0.7}
[2022-03-23T13:36:17-03:00] asks: {"priceLevel":42645,"count":2,"amount":2.67176025}
[2022-03-23T13:36:17-03:00] asks: {"priceLevel":42647,"count":1,"amount":0.53117277}
[2022-03-23T13:36:17-03:00] asks: {"priceLevel":42650,"count":2,"amount":0.00265145}
[2022-03-23T13:36:17-03:00] asks: {"priceLevel":42654,"count":1,"amount":2.35381566}
[2022-03-23T13:36:17-03:00] asks: {"priceLevel":42657,"count":2,"amount":2.37035268}
[2022-03-23T13:36:17-03:00] asks: {"priceLevel":42658,"count":4,"amount":4.71848538}
[2022-03-23T13:36:17-03:00] asks: {"priceLevel":42659,"count":1,"amount":0.001}
[2022-03-23T13:36:17-03:00] asks: {"priceLevel":42661,"count":2,"amount":0.02638727}
[2022-03-23T13:36:17-03:00] asks: {"priceLevel":42662,"count":3,"amount":5.017198}
[2022-03-23T13:36:17-03:00] asks: {"priceLevel":42663,"count":3,"amount":2.90712809}
[2022-03-23T13:36:17-03:00] asks: {"priceLevel":42665,"count":1,"amount":0.001}
[2022-03-23T13:36:17-03:00] asks: {"priceLevel":42670,"count":2,"amount":2.31938081}
[2022-03-23T13:36:17-03:00] asks: {"priceLevel":42671,"count":2,"amount":0.401}
[2022-03-23T13:36:17-03:00] asks: {"priceLevel":42674,"count":5,"amount":0.22283495}
[2022-03-23T13:36:17-03:00] asks: {"priceLevel":42679,"count":4,"amount":0.004}
[2022-03-23T13:36:17-03:00] asks: {"priceLevel":42680,"count":3,"amount":0.0021}
[2022-03-23T13:36:17-03:00] asks: {"priceLevel":42681,"count":2,"amount":0.002}
[2022-03-23T13:36:17-03:00] asks: {"priceLevel":42682,"count":2,"amount":0.02372727}
[2022-03-23T13:36:17-03:00] asks: {"priceLevel":42683,"count":2,"amount":0.002}
[2022-03-23T13:36:17-03:00] asks: {"priceLevel":42684,"count":2,"amount":3.00155447}
[2022-03-23T13:36:17-03:00] asks: {"priceLevel":42685,"count":1,"amount":0.001}
[2022-03-23T13:36:17-03:00] asks: {"priceLevel":42687,"count":1,"amount":0.001}
[2022-03-23T13:36:17-03:00] asks: {"priceLevel":42688,"count":2,"amount":0.20805856}
[2022-03-23T13:36:17-03:00] asks: {"priceLevel":42689,"count":3,"amount":9.00568}
[2022-03-23T13:36:17-03:00] asks: {"priceLevel":42690,"count":3,"amount":21.002}
[2022-03-23T13:36:17-03:00] asks: {"priceLevel":42691,"count":1,"amount":0.001}
[2022-03-23T13:36:17-03:00] asks: {"priceLevel":42692,"count":2,"amount":0.81762727}
[2022-03-23T13:36:17-03:00] asks: {"priceLevel":42693,"count":1,"amount":0.03411007}
[2022-03-23T13:36:20-03:00] Deleting : {"priceLevel":42550,"count":0,"amount":1}
[2022-03-23T13:36:20-03:00] Deleting : {"priceLevel":42548,"count":0,"amount":1}
[2022-03-23T13:36:20-03:00] Deleting : {"priceLevel":42547,"count":0,"amount":1}
[2022-03-23T13:36:20-03:00] Deleting : {"priceLevel":42543,"count":0,"amount":1}
[2022-03-23T13:36:20-03:00] Deleting : {"priceLevel":42482,"count":0,"amount":1}
[2022-03-23T13:36:20-03:00] Deleting : {"priceLevel":42481,"count":0,"amount":1}
[2022-03-23T13:36:20-03:00] Deleting : {"priceLevel":42472,"count":0,"amount":1}
[2022-03-23T13:36:20-03:00] Deleting : {"priceLevel":42465,"count":0,"amount":1}
[2022-03-23T13:36:20-03:00] Deleting : {"priceLevel":42463,"count":0,"amount":1}
[2022-03-23T13:36:20-03:00] Deleting : {"priceLevel":42452,"count":0,"amount":1}
[2022-03-23T13:36:20-03:00] Deleting : {"priceLevel":42447,"count":0,"amount":1}
[2022-03-23T13:36:20-03:00] Deleting : {"priceLevel":42553,"count":0,"amount":-1}
[2022-03-23T13:36:20-03:00] Deleting : {"priceLevel":42557,"count":0,"amount":-1}
[2022-03-23T13:36:20-03:00] Deleting : {"priceLevel":42572,"count":0,"amount":-1}
[2022-03-23T13:36:20-03:00] Deleting : {"priceLevel":42596,"count":0,"amount":-1}
[2022-03-23T13:36:20-03:00] Deleting : {"priceLevel":42607,"count":0,"amount":-1}
[2022-03-23T13:36:20-03:00] Deleting : {"priceLevel":42633,"count":0,"amount":-1}
[2022-03-23T13:36:20-03:00] Deleting : {"priceLevel":42637,"count":0,"amount":-1}
[2022-03-23T13:36:20-03:00] Deleting : {"priceLevel":42646,"count":0,"amount":-1}
[2022-03-23T13:36:20-03:00] Deleting : {"priceLevel":42647,"count":0,"amount":-1}
[2022-03-23T13:36:20-03:00] Deleting : {"priceLevel":42654,"count":0,"amount":-1}
[2022-03-23T13:36:20-03:00] Deleting : {"priceLevel":42689,"count":0,"amount":-1}
[2022-03-23T13:36:20-03:00] Deleting : {"priceLevel":42690,"count":0,"amount":-1}
[2022-03-23T13:36:20-03:00] Deleting : {"priceLevel":42691,"count":0,"amount":-1}
[2022-03-23T13:36:20-03:00] Deleting : {"priceLevel":42692,"count":0,"amount":-1}
[2022-03-23T13:36:20-03:00] Deleting : {"priceLevel":42693,"count":0,"amount":-1}
[2022-03-23T13:36:20-03:00] bids: {"priceLevel":42558,"count":5,"amount":1.168176}
[2022-03-23T13:36:20-03:00] bids: {"priceLevel":42557,"count":1,"amount":0.18512195}
[2022-03-23T13:36:20-03:00] bids: {"priceLevel":42556,"count":5,"amount":0.88301405}
[2022-03-23T13:36:20-03:00] bids: {"priceLevel":42554,"count":1,"amount":0.176081}
[2022-03-23T13:36:20-03:00] bids: {"priceLevel":42553,"count":1,"amount":0.176086}
[2022-03-23T13:36:20-03:00] bids: {"priceLevel":42552,"count":1,"amount":0.02590724}
[2022-03-23T13:36:20-03:00] bids: {"priceLevel":42551,"count":1,"amount":0.2}
[2022-03-23T13:36:20-03:00] bids: {"priceLevel":42549,"count":1,"amount":0.00584421}
[2022-03-23T13:36:20-03:00] bids: {"priceLevel":42546,"count":3,"amount":0.57281074}
[2022-03-23T13:36:20-03:00] bids: {"priceLevel":42544,"count":3,"amount":0.85075977}
[2022-03-23T13:36:20-03:00] bids: {"priceLevel":42541,"count":2,"amount":1.51227351}
[2022-03-23T13:36:20-03:00] bids: {"priceLevel":42539,"count":3,"amount":0.47342622}
[2022-03-23T13:36:20-03:00] bids: {"priceLevel":42538,"count":2,"amount":0.147666}
[2022-03-23T13:36:20-03:00] bids: {"priceLevel":42537,"count":2,"amount":2.67883946}
[2022-03-23T13:36:21-03:00] bids: {"priceLevel":42536,"count":3,"amount":0.5888}
[2022-03-23T13:36:21-03:00] bids: {"priceLevel":42535,"count":1,"amount":0.0358}
[2022-03-23T13:36:21-03:00] bids: {"priceLevel":42533,"count":1,"amount":0.2312}
[2022-03-23T13:36:21-03:00] bids: {"priceLevel":42532,"count":1,"amount":0.000362}
[2022-03-23T13:36:21-03:00] bids: {"priceLevel":42530,"count":3,"amount":0.97301631}
[2022-03-23T13:36:21-03:00] bids: {"priceLevel":42529,"count":3,"amount":0.41412126}
[2022-03-23T13:36:21-03:00] bids: {"priceLevel":42528,"count":5,"amount":0.72324382}
[2022-03-23T13:36:21-03:00] bids: {"priceLevel":42527,"count":4,"amount":1.210694}
[2022-03-23T13:36:21-03:00] bids: {"priceLevel":42525,"count":4,"amount":4.79874287}
[2022-03-23T13:36:21-03:00] bids: {"priceLevel":42522,"count":3,"amount":0.2021}
[2022-03-23T13:36:21-03:00] bids: {"priceLevel":42521,"count":6,"amount":2.58738475}
[2022-03-23T13:36:21-03:00] bids: {"priceLevel":42520,"count":5,"amount":0.927}
[2022-03-23T13:36:21-03:00] bids: {"priceLevel":42516,"count":2,"amount":0.0633969}
[2022-03-23T13:36:21-03:00] bids: {"priceLevel":42515,"count":2,"amount":2.3812736}
[2022-03-23T13:36:21-03:00] bids: {"priceLevel":42514,"count":4,"amount":0.5769571}
[2022-03-23T13:36:21-03:00] bids: {"priceLevel":42513,"count":2,"amount":0.2381}
[2022-03-23T13:36:21-03:00] bids: {"priceLevel":42512,"count":3,"amount":0.1993}
[2022-03-23T13:36:21-03:00] bids: {"priceLevel":42510,"count":2,"amount":0.02891}
[2022-03-23T13:36:21-03:00] bids: {"priceLevel":42509,"count":3,"amount":0.0033}
[2022-03-23T13:36:21-03:00] bids: {"priceLevel":42508,"count":2,"amount":2.94085566}
[2022-03-23T13:36:21-03:00] bids: {"priceLevel":42505,"count":4,"amount":1.44998131}
[2022-03-23T13:36:21-03:00] bids: {"priceLevel":42504,"count":4,"amount":4.731455}
[2022-03-23T13:36:21-03:00] bids: {"priceLevel":42502,"count":4,"amount":0.10511}
[2022-03-23T13:36:21-03:00] bids: {"priceLevel":42501,"count":3,"amount":1.20849349}
[2022-03-23T13:36:21-03:00] bids: {"priceLevel":42500,"count":2,"amount":0.02474}
[2022-03-23T13:36:21-03:00] bids: {"priceLevel":42499,"count":2,"amount":0.01519}
[2022-03-23T13:36:21-03:00] bids: {"priceLevel":42498,"count":3,"amount":2.94159682}
[2022-03-23T13:36:21-03:00] bids: {"priceLevel":42496,"count":2,"amount":0.02562835}
[2022-03-23T13:36:21-03:00] bids: {"priceLevel":42495,"count":3,"amount":2.58249956}
[2022-03-23T13:36:21-03:00] bids: {"priceLevel":42493,"count":2,"amount":0.44446786}
[2022-03-23T13:36:21-03:00] bids: {"priceLevel":42489,"count":6,"amount":3.09304098}
[2022-03-23T13:36:21-03:00] bids: {"priceLevel":42487,"count":4,"amount":6.04410307}
[2022-03-23T13:36:21-03:00] bids: {"priceLevel":42486,"count":1,"amount":0.7751}
[2022-03-23T13:36:21-03:00] bids: {"priceLevel":42483,"count":3,"amount":4.73046084}
[2022-03-23T13:36:21-03:00] bids: {"priceLevel":42478,"count":1,"amount":0.00301467}
[2022-03-23T13:36:21-03:00] bids: {"priceLevel":42477,"count":3,"amount":1.53075547}
[2022-03-23T13:36:21-03:00] bids: {"priceLevel":42475,"count":2,"amount":1.50910557}
[2022-03-23T13:36:21-03:00] bids: {"priceLevel":42474,"count":1,"amount":0.00829}
[2022-03-23T13:36:21-03:00] bids: {"priceLevel":42473,"count":1,"amount":2.37186025}
[2022-03-23T13:36:21-03:00] bids: {"priceLevel":42468,"count":2,"amount":0.4775}
[2022-03-23T13:36:21-03:00] bids: {"priceLevel":42467,"count":1,"amount":2.37380484}
[2022-03-23T13:36:21-03:00] bids: {"priceLevel":42457,"count":1,"amount":0.1171}
[2022-03-23T13:36:21-03:00] bids: {"priceLevel":42450,"count":2,"amount":0.7661654}
[2022-03-23T13:36:21-03:00] bids: {"priceLevel":42430,"count":1,"amount":1.3641}
[2022-03-23T13:36:21-03:00] bids: {"priceLevel":42411,"count":3,"amount":0.73524426}
[2022-03-23T13:36:21-03:00] bids: {"priceLevel":42409,"count":1,"amount":0.01}
[2022-03-23T13:36:21-03:00] asks: {"priceLevel":42559,"count":1,"amount":0.021614}
[2022-03-23T13:36:21-03:00] asks: {"priceLevel":42573,"count":1,"amount":0.24680692}
[2022-03-23T13:36:21-03:00] asks: {"priceLevel":42574,"count":2,"amount":0.31174}
[2022-03-23T13:36:21-03:00] asks: {"priceLevel":42575,"count":3,"amount":0.447695}
[2022-03-23T13:36:21-03:00] asks: {"priceLevel":42577,"count":1,"amount":0.117396}
[2022-03-23T13:36:21-03:00] asks: {"priceLevel":42580,"count":3,"amount":2.44456032}
[2022-03-23T13:36:21-03:00] asks: {"priceLevel":42583,"count":1,"amount":0.058696}
[2022-03-23T13:36:21-03:00] asks: {"priceLevel":42584,"count":3,"amount":0.5459966}
[2022-03-23T13:36:21-03:00] asks: {"priceLevel":42585,"count":2,"amount":0.20632361}
[2022-03-23T13:36:21-03:00] asks: {"priceLevel":42588,"count":5,"amount":1.17909468}
[2022-03-23T13:36:21-03:00] asks: {"priceLevel":42590,"count":3,"amount":0.37492727}
[2022-03-23T13:36:21-03:00] asks: {"priceLevel":42592,"count":3,"amount":0.8327}
[2022-03-23T13:36:21-03:00] asks: {"priceLevel":42593,"count":2,"amount":0.08571085}
[2022-03-23T13:36:21-03:00] asks: {"priceLevel":42594,"count":2,"amount":0.42409794}
[2022-03-23T13:36:21-03:00] asks: {"priceLevel":42597,"count":2,"amount":0.35789042}
[2022-03-23T13:36:21-03:00] asks: {"priceLevel":42598,"count":1,"amount":0.23483253}
[2022-03-23T13:36:21-03:00] asks: {"priceLevel":42599,"count":2,"amount":0.37959691}
[2022-03-23T13:36:21-03:00] asks: {"priceLevel":42600,"count":5,"amount":0.72653827}
[2022-03-23T13:36:21-03:00] asks: {"priceLevel":42602,"count":1,"amount":0.33669639}
[2022-03-23T13:36:21-03:00] asks: {"priceLevel":42603,"count":3,"amount":0.23355313}
[2022-03-23T13:36:21-03:00] asks: {"priceLevel":42605,"count":3,"amount":1.1615}
[2022-03-23T13:36:21-03:00] asks: {"priceLevel":42606,"count":2,"amount":0.46956892}
[2022-03-23T13:36:21-03:00] asks: {"priceLevel":42608,"count":1,"amount":0.01222244}
[2022-03-23T13:36:21-03:00] asks: {"priceLevel":42609,"count":5,"amount":3.06953795}
[2022-03-23T13:36:21-03:00] asks: {"priceLevel":42610,"count":2,"amount":0.40752314}
[2022-03-23T13:36:21-03:00] asks: {"priceLevel":42611,"count":1,"amount":0.0069}
[2022-03-23T13:36:21-03:00] asks: {"priceLevel":42612,"count":1,"amount":0.17720458}
[2022-03-23T13:36:21-03:00] asks: {"priceLevel":42614,"count":1,"amount":0.22283195}
[2022-03-23T13:36:21-03:00] asks: {"priceLevel":42615,"count":3,"amount":1.76190691}
[2022-03-23T13:36:21-03:00] asks: {"priceLevel":42617,"count":2,"amount":0.30408958}
[2022-03-23T13:36:21-03:00] asks: {"priceLevel":42618,"count":2,"amount":0.53279536}
[2022-03-23T13:36:21-03:00] asks: {"priceLevel":42619,"count":1,"amount":0.19999795}
[2022-03-23T13:36:21-03:00] asks: {"priceLevel":42620,"count":3,"amount":0.27209368}
[2022-03-23T13:36:21-03:00] asks: {"priceLevel":42621,"count":1,"amount":0.237}
[2022-03-23T13:36:21-03:00] asks: {"priceLevel":42623,"count":3,"amount":2.35868231}
[2022-03-23T13:36:21-03:00] asks: {"priceLevel":42624,"count":2,"amount":0.60591109}
[2022-03-23T13:36:21-03:00] asks: {"priceLevel":42625,"count":1,"amount":0.14266465}
[2022-03-23T13:36:21-03:00] asks: {"priceLevel":42626,"count":1,"amount":0.414}
[2022-03-23T13:36:21-03:00] asks: {"priceLevel":42628,"count":2,"amount":0.26410406}
[2022-03-23T13:36:21-03:00] asks: {"priceLevel":42631,"count":2,"amount":0.43892727}
[2022-03-23T13:36:21-03:00] asks: {"priceLevel":42634,"count":1,"amount":0.48099484}
[2022-03-23T13:36:21-03:00] asks: {"priceLevel":42635,"count":2,"amount":0.0580735}
[2022-03-23T13:36:21-03:00] asks: {"priceLevel":42636,"count":2,"amount":0.11094843}
[2022-03-23T13:36:21-03:00] asks: {"priceLevel":42638,"count":3,"amount":0.36049073}
[2022-03-23T13:36:21-03:00] asks: {"priceLevel":42641,"count":3,"amount":2.39802675}
[2022-03-23T13:36:21-03:00] asks: {"priceLevel":42644,"count":1,"amount":0.001}
[2022-03-23T13:36:21-03:00] asks: {"priceLevel":42645,"count":2,"amount":2.39638843}
[2022-03-23T13:36:21-03:00] asks: {"priceLevel":42649,"count":4,"amount":0.62957548}
[2022-03-23T13:36:21-03:00] asks: {"priceLevel":42650,"count":1,"amount":0.0001}
[2022-03-23T13:36:21-03:00] asks: {"priceLevel":42651,"count":3,"amount":0.7556899}
[2022-03-23T13:36:21-03:00] asks: {"priceLevel":42652,"count":1,"amount":0.1}
[2022-03-23T13:36:21-03:00] asks: {"priceLevel":42653,"count":1,"amount":2.71168694}
[2022-03-23T13:36:21-03:00] asks: {"priceLevel":42657,"count":3,"amount":2.67025268}
[2022-03-23T13:36:21-03:00] asks: {"priceLevel":42661,"count":1,"amount":0.02272727}
[2022-03-23T13:36:21-03:00] asks: {"priceLevel":42662,"count":3,"amount":5.01111134}
[2022-03-23T13:36:21-03:00] asks: {"priceLevel":42663,"count":2,"amount":2.32766689}
[2022-03-23T13:36:21-03:00] asks: {"priceLevel":42666,"count":3,"amount":0.5814612}
[2022-03-23T13:36:21-03:00] asks: {"priceLevel":42669,"count":2,"amount":0.01354}
[2022-03-23T13:36:21-03:00] asks: {"priceLevel":42670,"count":3,"amount":4.67928313}
[2022-03-23T13:36:21-03:00] asks: {"priceLevel":42671,"count":1,"amount":0.001}
[2022-03-23T13:36:21-03:00] asks: {"priceLevel":42673,"count":2,"amount":0.491}
[2022-03-23T13:36:21-03:00] asks: {"priceLevel":42684,"count":2,"amount":8.37380484}
[2022-03-23T13:36:21-03:00] asks: {"priceLevel":42686,"count":1,"amount":12}
[2022-03-23T13:36:21-03:00] asks: {"priceLevel":42687,"count":2,"amount":0.62874963}
